<?xml version="1.0" encoding="UTF-8"?>
<!-- Generated by org.testng.reporters.JUnitReportReporter -->
<testsuite hostname="LAPTOP-QKGKTFF2" failures="0" tests="7" name="tests.LoginApiTest" time="1.524" errors="0" timestamp="2025-07-29T00:39:18 GMT" skipped="0">
  <testcase classname="tests.LoginApiTest" name="testValidLogin" time="1.431"/>
  <testcase classname="tests.LoginApiTest" name="testInvalidCredentials" time="0.019"/>
  <testcase classname="tests.LoginApiTest" name="testValidEmailInvalidPassword" time="0.016"/>
  <testcase classname="tests.LoginApiTest" name="testInvalidEmailValidPassword" time="0.016"/>
  <testcase classname="tests.LoginApiTest" name="testBlankEmailValidPassword" time="0.014"/>
  <testcase classname="tests.LoginApiTest" name="testValidEmailBlankPassword" time="0.015"/>
  <testcase classname="tests.LoginApiTest" name="testBlankEmailAndPassword" time="0.013"/>
</testsuite> <!-- tests.LoginApiTest -->
